Started training at (GMT): 2026-01-06 17:40:05
============================================================================================
Final model saved at: /root/libimmortal/./src/libimmortal/samples/PPO/checkpoints/PPO_ImmortalSufferingEnv_seed42_69199.pth
Traceback (most recent call last):
  File "/root/libimmortal/./src/libimmortal/samples/PPO/train.py", line 620, in train
    if wandb is not None and (step % args.wandb_log_freq == 0):
NameError: name 'step' is not defined
During handling of the above exception, another exception occurred:
Traceback (most recent call last):
  File "/root/libimmortal/./src/libimmortal/samples/PPO/train.py", line 767, in <module>
    train(args)
  File "/root/libimmortal/./src/libimmortal/samples/PPO/train.py", line 675, in train
    ddp_barrier()
  File "/root/libimmortal/./src/libimmortal/samples/PPO/train.py", line 82, in ddp_barrier
    dist.barrier()
  File "/usr/local/lib/python3.10/site-packages/torch/distributed/c10d_logger.py", line 47, in wrapper
    return func(*args, **kwargs)
  File "/usr/local/lib/python3.10/site-packages/torch/distributed/distributed_c10d.py", line 3703, in barrier
    work.wait()
KeyboardInterrupt
Traceback (most recent call last):
  File "/root/libimmortal/./src/libimmortal/samples/PPO/train.py", line 620, in train
    if wandb is not None and (step % args.wandb_log_freq == 0):
NameError: name 'step' is not defined
During handling of the above exception, another exception occurred:
Traceback (most recent call last):
  File "/root/libimmortal/./src/libimmortal/samples/PPO/train.py", line 767, in <module>
    train(args)
  File "/root/libimmortal/./src/libimmortal/samples/PPO/train.py", line 675, in train
    ddp_barrier()
  File "/root/libimmortal/./src/libimmortal/samples/PPO/train.py", line 82, in ddp_barrier
    dist.barrier()
  File "/usr/local/lib/python3.10/site-packages/torch/distributed/c10d_logger.py", line 47, in wrapper
    return func(*args, **kwargs)
  File "/usr/local/lib/python3.10/site-packages/torch/distributed/distributed_c10d.py", line 3703, in barrier
    work.wait()
KeyboardInterrupt
